<?xml version="1.0" encoding="UTF-8"?>
<testng-results skipped="0" failed="0" total="2" passed="2">
  <reporter-output>
  </reporter-output>
  <suite name="Default suite" duration-ms="18360" started-at="2017-12-11T14:40:08Z" finished-at="2017-12-11T14:40:26Z">
    <groups>
    </groups>
    <test name="Default test" duration-ms="18360" started-at="2017-12-11T14:40:08Z" finished-at="2017-12-11T14:40:26Z">
      <class name="grid.HRM_Login_DataProvider">
        <test-method status="PASS" signature="loginTest(java.lang.String, java.lang.String, java.lang.String)[pri:0, instance:grid.HRM_Login_DataProvider@7921b0a2]" name="loginTest" duration-ms="11479" started-at="2017-12-11T20:10:08Z" data-provider="getData" finished-at="2017-12-11T20:10:19Z">
          <params>
            <param index="0">
              <value>
                <![CDATA[Admin]]>
              </value>
            </param>
            <param index="1">
              <value>
                <![CDATA[admin]]>
              </value>
            </param>
            <param index="2">
              <value>
                <![CDATA[firefox]]>
              </value>
            </param>
          </params>
          <reporter-output>
          </reporter-output>
        </test-method> <!-- loginTest -->
        <test-method status="PASS" signature="loginTest(java.lang.String, java.lang.String, java.lang.String)[pri:0, instance:grid.HRM_Login_DataProvider@7921b0a2]" name="loginTest" duration-ms="6858" started-at="2017-12-11T20:10:19Z" data-provider="getData" finished-at="2017-12-11T20:10:26Z">
          <params>
            <param index="0">
              <value>
                <![CDATA[adimmm]]>
              </value>
            </param>
            <param index="1">
              <value>
                <![CDATA[qedgetech123]]>
              </value>
            </param>
            <param index="2">
              <value>
                <![CDATA[chrome]]>
              </value>
            </param>
          </params>
          <reporter-output>
          </reporter-output>
        </test-method> <!-- loginTest -->
      </class> <!-- grid.HRM_Login_DataProvider -->
    </test> <!-- Default test -->
  </suite> <!-- Default suite -->
</testng-results>
